<?xml version="1.0" encoding="UTF-8"?>
<testng-results ignored="0" total="6" passed="5" failed="1" skipped="0">
  <reporter-output>
  </reporter-output>
  <suite started-at="2024-10-22T12:14:38 IST" name="Default suite" finished-at="2024-10-22T12:16:42 IST" duration-ms="124132">
    <groups>
    </groups>
    <test started-at="2024-10-22T12:14:38 IST" name="Default test" finished-at="2024-10-22T12:16:42 IST" duration-ms="124132">
      <class name="com.ui.test.youTubeTest">
        <test-method is-config="true" signature="setup()[pri:0, instance:com.ui.test.youTubeTest@62379589]" started-at="2024-10-22T12:14:38 IST" name="setup" finished-at="2024-10-22T12:15:40 IST" duration-ms="62767" status="PASS">
          <reporter-output>
          </reporter-output>
        </test-method> <!-- setup -->
        <test-method signature="VerifyYouTubeTableReports()[pri:1, instance:com.ui.test.youTubeTest@62379589]" started-at="2024-10-22T12:15:40 IST" name="VerifyYouTubeTableReports" description="Verifying youtube tab table header" finished-at="2024-10-22T12:15:41 IST" duration-ms="136" status="FAIL">
          <exception class="java.lang.AssertionError">
            <message>
              <![CDATA[Youtube tab table headers are verified: Lists differ at element [9]:    !=  expected [  ] but found []]]>
            </message>
            <full-stacktrace>
              <![CDATA[java.lang.AssertionError: Youtube tab table headers are verified: Lists differ at element [9]:    !=  expected [  ] but found []
at org.testng.Assert.fail(Assert.java:99)
at org.testng.Assert.failNotEquals(Assert.java:1037)
at org.testng.Assert.assertEqualsImpl(Assert.java:140)
at org.testng.Assert.assertEquals(Assert.java:1103)
at com.ui.test.youTubeTest.VerifyYouTubeTableReports(youTubeTest.java:36)
at java.base/jdk.internal.reflect.NativeMethodAccessorImpl.invoke0(Native Method)
at java.base/jdk.internal.reflect.NativeMethodAccessorImpl.invoke(NativeMethodAccessorImpl.java:77)
at java.base/jdk.internal.reflect.DelegatingMethodAccessorImpl.invoke(DelegatingMethodAccessorImpl.java:43)
at java.base/java.lang.reflect.Method.invoke(Method.java:569)
at org.testng.internal.MethodInvocationHelper.invokeMethod(MethodInvocationHelper.java:133)
at org.testng.internal.TestInvoker.invokeMethod(TestInvoker.java:598)
at org.testng.internal.TestInvoker.invokeTestMethod(TestInvoker.java:173)
at org.testng.internal.MethodRunner.runInSequence(MethodRunner.java:46)
at org.testng.internal.TestInvoker$MethodInvocationAgent.invoke(TestInvoker.java:824)
at org.testng.internal.TestInvoker.invokeTestMethods(TestInvoker.java:146)
at org.testng.internal.TestMethodWorker.invokeTestMethods(TestMethodWorker.java:146)
at org.testng.internal.TestMethodWorker.run(TestMethodWorker.java:128)
at java.base/java.util.ArrayList.forEach(ArrayList.java:1511)
at org.testng.TestRunner.privateRun(TestRunner.java:794)
at org.testng.TestRunner.run(TestRunner.java:596)
at org.testng.SuiteRunner.runTest(SuiteRunner.java:377)
at org.testng.SuiteRunner.runSequentially(SuiteRunner.java:371)
at org.testng.SuiteRunner.privateRun(SuiteRunner.java:332)
at org.testng.SuiteRunner.run(SuiteRunner.java:276)
at org.testng.SuiteRunnerWorker.runSuite(SuiteRunnerWorker.java:53)
at org.testng.SuiteRunnerWorker.run(SuiteRunnerWorker.java:96)
at org.testng.TestNG.runSuitesSequentially(TestNG.java:1212)
at org.testng.TestNG.runSuitesLocally(TestNG.java:1134)
at org.testng.TestNG.runSuites(TestNG.java:1063)
at org.testng.TestNG.run(TestNG.java:1031)
at org.testng.remote.AbstractRemoteTestNG.run(AbstractRemoteTestNG.java:115)
at org.testng.remote.RemoteTestNG.initAndRun(RemoteTestNG.java:251)
at org.testng.remote.RemoteTestNG.main(RemoteTestNG.java:77)
]]>
            </full-stacktrace>
          </exception> <!-- java.lang.AssertionError -->
          <reporter-output>
          </reporter-output>
        </test-method> <!-- VerifyYouTubeTableReports -->
        <test-method signature="verifyIconsOnYoutubePage()[pri:2, instance:com.ui.test.youTubeTest@62379589]" started-at="2024-10-22T12:15:41 IST" name="verifyIconsOnYoutubePage" description="Verifying for search icon header" finished-at="2024-10-22T12:15:41 IST" duration-ms="28" status="PASS">
          <reporter-output>
          </reporter-output>
        </test-method> <!-- verifyIconsOnYoutubePage -->
        <test-method signature="verifyIconsOnCreateQueryTab()[pri:3, instance:com.ui.test.youTubeTest@62379589]" started-at="2024-10-22T12:15:41 IST" name="verifyIconsOnCreateQueryTab" finished-at="2024-10-22T12:15:41 IST" duration-ms="368" status="PASS">
          <reporter-output>
          </reporter-output>
        </test-method> <!-- verifyIconsOnCreateQueryTab -->
        <test-method signature="createScheduleIntervalForDayWeekMonth()[pri:4, instance:com.ui.test.youTubeTest@62379589]" started-at="2024-10-22T12:15:41 IST" name="createScheduleIntervalForDayWeekMonth" finished-at="2024-10-22T12:16:34 IST" duration-ms="52762" status="PASS">
          <reporter-output>
          </reporter-output>
        </test-method> <!-- createScheduleIntervalForDayWeekMonth -->
        <test-method signature="createTempTable()[pri:5, instance:com.ui.test.youTubeTest@62379589]" started-at="2024-10-22T12:16:34 IST" name="createTempTable" finished-at="2024-10-22T12:16:41 IST" duration-ms="7751" status="PASS">
          <reporter-output>
          </reporter-output>
        </test-method> <!-- createTempTable -->
        <test-method signature="VerifyManageQuerytab()[pri:6, instance:com.ui.test.youTubeTest@62379589]" started-at="2024-10-22T12:16:41 IST" name="VerifyManageQuerytab" finished-at="2024-10-22T12:16:42 IST" duration-ms="266" status="PASS">
          <reporter-output>
          </reporter-output>
        </test-method> <!-- VerifyManageQuerytab -->
      </class> <!-- com.ui.test.youTubeTest -->
    </test> <!-- Default test -->
  </suite> <!-- Default suite -->
</testng-results>
