<?xml version="1.0" encoding="UTF-8"?>
<!-- Generated by org.testng.reporters.JUnitReportReporter -->
<testsuite hostname="GBLUSANABYD9tBo" failures="0" tests="2" name="com.ui.test.testwithexcel" time="63.040" errors="0" timestamp="2024-10-20T16:16:47 IST" skipped="0">
  <testcase classname="com.ui.test.testwithexcel" name="verifyHomePageProjectTracker" time="63.005"/>
  <system-out/>
  <testcase classname="com.ui.test.testwithexcel" name="verifyBizQuery" time="0.035"/>
  <system-out/>
</testsuite> <!-- com.ui.test.testwithexcel -->
